<?xml version="1.0" encoding="UTF-8"?>
<!-- Generated by org.testng.reporters.JUnitXMLReporter -->
<testsuite ignored="2" hostname="RedSkys-MacBook-Pro.local" failures="0" tests="1" name="Command line test" time="0.022" errors="0" timestamp="2022-05-26T13:23:37 NPT">
  <testcase classname="com.ua.learning.project.implementation.submit_registration.SubmitRegistrationTest" name="printHashCode" time="0.001"/>
  <testcase classname="com.ua.learning.project.implementation.BaseTest" name="@BeforeTest init" time="0.0">
    <ignored/>
  </testcase> <!-- @BeforeTest init -->
  <testcase classname="com.ua.learning.project.implementation.BaseTest" name="@AfterTest destroy" time="0.0">
    <ignored/>
  </testcase> <!-- @AfterTest destroy -->
</testsuite> <!-- Command line test -->
